[ 2017-10-14T09:00:44+08:00 ] 127.0.0.1 /Public/Admin/favicon.ico
INFO: [ app_init ] --START--
INFO: Run Behavior\BuildLiteBehavior [ RunTime:0.000023s ]
INFO: [ app_init ] --END-- [ RunTime:0.000167s ]

[ 2017-10-14T09:29:37+08:00 ] 127.0.0.1 /Upload/Product/b8ac282eba71e60d54a0a488b4bdab07.jpeg
INFO: [ app_init ] --START--
INFO: Run Behavior\BuildLiteBehavior [ RunTime:0.000021s ]
INFO: [ app_init ] --END-- [ RunTime:0.000129s ]
INFO: [ app_begin ] --START--
INFO: Run Behavior\ReadHtmlCacheBehavior [ RunTime:0.001692s ]
INFO: [ app_begin ] --END-- [ RunTime:0.001829s ]
ERR: 无法加载控制器:Upload
NOTIC: [2] include(): Filename cannot be empty C:\wamp64\www\cs\ThinkPHP\Library\Think\Think.class.php 第 314 行.
NOTIC: [2] include(): Failed opening '' for inclusion (include_path='.;C:\php\pear') C:\wamp64\www\cs\ThinkPHP\Library\Think\Think.class.php 第 314 行.

[ 2017-10-14T09:29:37+08:00 ] 127.0.0.1 /Upload/Product/44c1bfcff8040115cbf6ace9d2be8eff.jpeg
INFO: [ app_init ] --START--
INFO: Run Behavior\BuildLiteBehavior [ RunTime:0.000021s ]
INFO: [ app_init ] --END-- [ RunTime:0.000132s ]
INFO: [ app_begin ] --START--
INFO: Run Behavior\ReadHtmlCacheBehavior [ RunTime:0.000377s ]
INFO: [ app_begin ] --END-- [ RunTime:0.000484s ]
ERR: 无法加载控制器:Upload
NOTIC: [2] include(): Filename cannot be empty C:\wamp64\www\cs\ThinkPHP\Library\Think\Think.class.php 第 314 行.
NOTIC: [2] include(): Failed opening '' for inclusion (include_path='.;C:\php\pear') C:\wamp64\www\cs\ThinkPHP\Library\Think\Think.class.php 第 314 行.

[ 2017-10-14T09:29:37+08:00 ] 127.0.0.1 /Upload/product_img/15061502925567.jpg
INFO: [ app_init ] --START--
INFO: Run Behavior\BuildLiteBehavior [ RunTime:0.000025s ]
INFO: [ app_init ] --END-- [ RunTime:0.000141s ]

[ 2017-10-14T09:29:37+08:00 ] 127.0.0.1 /Upload/Product/1a66ce744090d3a3b21af83fda4624cc.jpeg
INFO: [ app_init ] --START--
INFO: Run Behavior\BuildLiteBehavior [ RunTime:0.000030s ]
INFO: [ app_init ] --END-- [ RunTime:0.000353s ]
INFO: [ app_begin ] --START--
INFO: Run Behavior\ReadHtmlCacheBehavior [ RunTime:0.000393s ]
INFO: [ app_begin ] --END-- [ RunTime:0.000500s ]
ERR: 无法加载控制器:Upload
NOTIC: [2] include(): Filename cannot be empty C:\wamp64\www\cs\ThinkPHP\Library\Think\Think.class.php 第 314 行.
NOTIC: [2] include(): Failed opening '' for inclusion (include_path='.;C:\php\pear') C:\wamp64\www\cs\ThinkPHP\Library\Think\Think.class.php 第 314 行.

[ 2017-10-14T09:29:43+08:00 ] 127.0.0.1 /Upload/Product/b8ac282eba71e60d54a0a488b4bdab07.jpeg
INFO: [ app_init ] --START--
INFO: Run Behavior\BuildLiteBehavior [ RunTime:0.000023s ]
INFO: [ app_init ] --END-- [ RunTime:0.000133s ]
INFO: [ app_begin ] --START--
INFO: Run Behavior\ReadHtmlCacheBehavior [ RunTime:0.000446s ]
INFO: [ app_begin ] --END-- [ RunTime:0.000648s ]
ERR: 无法加载控制器:Upload
NOTIC: [2] include(): Filename cannot be empty C:\wamp64\www\cs\ThinkPHP\Library\Think\Think.class.php 第 314 行.
NOTIC: [2] include(): Failed opening '' for inclusion (include_path='.;C:\php\pear') C:\wamp64\www\cs\ThinkPHP\Library\Think\Think.class.php 第 314 行.

[ 2017-10-14T09:29:43+08:00 ] 127.0.0.1 /Upload/product_img/15061502925567.jpg
INFO: [ app_init ] --START--
INFO: Run Behavior\BuildLiteBehavior [ RunTime:0.000023s ]
INFO: [ app_init ] --END-- [ RunTime:0.000135s ]

[ 2017-10-14T09:29:43+08:00 ] 127.0.0.1 /Upload/Product/44c1bfcff8040115cbf6ace9d2be8eff.jpeg
INFO: [ app_init ] --START--
INFO: Run Behavior\BuildLiteBehavior [ RunTime:0.000022s ]
INFO: [ app_init ] --END-- [ RunTime:0.000130s ]
INFO: [ app_begin ] --START--
INFO: Run Behavior\ReadHtmlCacheBehavior [ RunTime:0.000566s ]
INFO: [ app_begin ] --END-- [ RunTime:0.000672s ]
ERR: 无法加载控制器:Upload
NOTIC: [2] include(): Filename cannot be empty C:\wamp64\www\cs\ThinkPHP\Library\Think\Think.class.php 第 314 行.
NOTIC: [2] include(): Failed opening '' for inclusion (include_path='.;C:\php\pear') C:\wamp64\www\cs\ThinkPHP\Library\Think\Think.class.php 第 314 行.

[ 2017-10-14T09:29:43+08:00 ] 127.0.0.1 /Upload/Product/1a66ce744090d3a3b21af83fda4624cc.jpeg
INFO: [ app_init ] --START--
INFO: Run Behavior\BuildLiteBehavior [ RunTime:0.000103s ]
INFO: [ app_init ] --END-- [ RunTime:0.000233s ]
INFO: [ app_begin ] --START--
INFO: Run Behavior\ReadHtmlCacheBehavior [ RunTime:0.000614s ]
INFO: [ app_begin ] --END-- [ RunTime:0.000735s ]
ERR: 无法加载控制器:Upload
NOTIC: [2] include(): Filename cannot be empty C:\wamp64\www\cs\ThinkPHP\Library\Think\Think.class.php 第 314 行.
NOTIC: [2] include(): Failed opening '' for inclusion (include_path='.;C:\php\pear') C:\wamp64\www\cs\ThinkPHP\Library\Think\Think.class.php 第 314 行.

[ 2017-10-14T09:49:53+08:00 ] 127.0.0.1 /Upload/Product/b8ac282eba71e60d54a0a488b4bdab07.jpeg
INFO: [ app_init ] --START--
INFO: Run Behavior\BuildLiteBehavior [ RunTime:0.000031s ]
INFO: [ app_init ] --END-- [ RunTime:0.000172s ]
INFO: [ app_begin ] --START--
INFO: Run Behavior\ReadHtmlCacheBehavior [ RunTime:0.000619s ]
INFO: [ app_begin ] --END-- [ RunTime:0.000788s ]
ERR: 无法加载控制器:Upload
NOTIC: [2] include(): Filename cannot be empty C:\wamp64\www\cs\ThinkPHP\Library\Think\Think.class.php 第 314 行.
NOTIC: [2] include(): Failed opening '' for inclusion (include_path='.;C:\php\pear') C:\wamp64\www\cs\ThinkPHP\Library\Think\Think.class.php 第 314 行.

[ 2017-10-14T09:49:53+08:00 ] 127.0.0.1 /Upload/Product/44c1bfcff8040115cbf6ace9d2be8eff.jpeg
INFO: [ app_init ] --START--
INFO: Run Behavior\BuildLiteBehavior [ RunTime:0.000024s ]
INFO: [ app_init ] --END-- [ RunTime:0.000135s ]
INFO: [ app_begin ] --START--
INFO: Run Behavior\ReadHtmlCacheBehavior [ RunTime:0.000386s ]
INFO: [ app_begin ] --END-- [ RunTime:0.000497s ]
ERR: 无法加载控制器:Upload
NOTIC: [2] include(): Filename cannot be empty C:\wamp64\www\cs\ThinkPHP\Library\Think\Think.class.php 第 314 行.
NOTIC: [2] include(): Failed opening '' for inclusion (include_path='.;C:\php\pear') C:\wamp64\www\cs\ThinkPHP\Library\Think\Think.class.php 第 314 行.

[ 2017-10-14T09:49:53+08:00 ] 127.0.0.1 /Upload/Product/1a66ce744090d3a3b21af83fda4624cc.jpeg
INFO: [ app_init ] --START--
INFO: Run Behavior\BuildLiteBehavior [ RunTime:0.000029s ]
INFO: [ app_init ] --END-- [ RunTime:0.000191s ]
INFO: [ app_begin ] --START--
INFO: Run Behavior\ReadHtmlCacheBehavior [ RunTime:0.000399s ]
INFO: [ app_begin ] --END-- [ RunTime:0.000515s ]
ERR: 无法加载控制器:Upload
NOTIC: [2] include(): Filename cannot be empty C:\wamp64\www\cs\ThinkPHP\Library\Think\Think.class.php 第 314 行.
NOTIC: [2] include(): Failed opening '' for inclusion (include_path='.;C:\php\pear') C:\wamp64\www\cs\ThinkPHP\Library\Think\Think.class.php 第 314 行.

[ 2017-10-14T09:49:53+08:00 ] 127.0.0.1 /Upload/product_img/15061502925567.jpg
INFO: [ app_init ] --START--
INFO: Run Behavior\BuildLiteBehavior [ RunTime:0.000052s ]
INFO: [ app_init ] --END-- [ RunTime:0.000240s ]

