[ 2017-10-13T16:23:27+08:00 ] 127.0.0.1 /index.php/Admin/Index/cache
INFO: [ app_init ] --START--
INFO: Run Behavior\BuildLiteBehavior [ RunTime:0.000020s ]
INFO: [ app_init ] --END-- [ RunTime:0.000121s ]
INFO: [ app_begin ] --START--
INFO: Run Behavior\ReadHtmlCacheBehavior [ RunTime:0.000437s ]
INFO: [ app_begin ] --END-- [ RunTime:0.000552s ]
NOTIC: [2] rmdir(C:/wamp64/www/cs/App/Runtime/Cache/Admin): Directory not empty C:\wamp64\www\cs\App\Common\Common\function.php 第 90 行.
NOTIC: [2] unlink(C:/wamp64/www/cs/App/Runtime/Cache/Admin/e56d45bb7793df9da9a20eca2ebbb8be.php): No such file or directory C:\wamp64\www\cs\App\Common\Common\function.php 第 93 行.
NOTIC: [2] unlink(C:/wamp64/www/cs/App/Runtime/Cache/Admin/f41d6176a707c0d34d5e0dc7c9fe913a.php): No such file or directory C:\wamp64\www\cs\App\Common\Common\function.php 第 93 行.
NOTIC: [2] unlink(C:/wamp64/www/cs/App/Runtime/Cache/Admin): No such file or directory C:\wamp64\www\cs\App\Common\Common\function.php 第 93 行.
NOTIC: [2] unlink(C:/wamp64/www/cs/App/Runtime/Logs/Admin/17_10_13.log): No such file or directory C:\wamp64\www\cs\App\Common\Common\function.php 第 93 行.
NOTIC: [2] unlink(C:/wamp64/www/cs/App/Runtime/Logs/Admin): No such file or directory C:\wamp64\www\cs\App\Common\Common\function.php 第 93 行.
INFO: [ view_parse ] --START--
INFO: [ template_filter ] --START--
INFO: Run Behavior\ContentReplaceBehavior [ RunTime:0.000103s ]
INFO: [ template_filter ] --END-- [ RunTime:0.000289s ]
INFO: Run Behavior\ParseTemplateBehavior [ RunTime:0.008703s ]
INFO: [ view_parse ] --END-- [ RunTime:0.008889s ]
INFO: [ view_filter ] --START--
INFO: Run Behavior\WriteHtmlCacheBehavior [ RunTime:0.000464s ]
INFO: Run Behavior\TokenBuildBehavior [ RunTime:0.000391s ]
INFO: [ view_filter ] --END-- [ RunTime:0.001005s ]
INFO: [ app_end ] --START--
INFO: Run Behavior\ShowPageTraceBehavior [ RunTime:0.000496s ]
INFO: [ app_end ] --END-- [ RunTime:0.000592s ]

[ 2017-10-13T16:23:29+08:00 ] 127.0.0.1 /index.php/admin/Index/index.html
INFO: [ app_init ] --START--
INFO: Run Behavior\BuildLiteBehavior [ RunTime:0.000028s ]
INFO: [ app_init ] --END-- [ RunTime:0.000155s ]
INFO: [ app_begin ] --START--
INFO: Run Behavior\ReadHtmlCacheBehavior [ RunTime:0.000555s ]
INFO: [ app_begin ] --END-- [ RunTime:0.000676s ]
SQL: select name from zc_user_login as l left join zc_role_user as u on l.id=u.user_id and l.username='123456' left join zc_role as r on u.role_id=r.id; [ RunTime:0.0034s ]
NOTIC: [8] Undefined variable: params C:\wamp64\www\cs\App\Common\Common\function.php 第 465 行.
INFO: [ view_parse ] --START--
INFO: [ template_filter ] --START--
INFO: Run Behavior\ContentReplaceBehavior [ RunTime:0.000107s ]
INFO: [ template_filter ] --END-- [ RunTime:0.000225s ]
NOTIC: [8192] mysql_connect(): The mysql extension is deprecated and will be removed in the future: use mysqli or PDO instead C:\wamp64\www\cs\App\Runtime\Cache\Admin\e56d45bb7793df9da9a20eca2ebbb8be.php 第 134 行.
INFO: Run Behavior\ParseTemplateBehavior [ RunTime:0.015211s ]
INFO: [ view_parse ] --END-- [ RunTime:0.015339s ]
INFO: [ view_filter ] --START--
INFO: Run Behavior\WriteHtmlCacheBehavior [ RunTime:0.000304s ]
INFO: Run Behavior\TokenBuildBehavior [ RunTime:0.000286s ]
INFO: [ view_filter ] --END-- [ RunTime:0.000741s ]
INFO: [ app_end ] --START--
INFO: Run Behavior\ShowPageTraceBehavior [ RunTime:0.000422s ]
INFO: [ app_end ] --END-- [ RunTime:0.000530s ]

